Unity Editor version:    2020.3.19f1 (68f137dc9bbe)
Branch:                  2020.3/staging
Build type:              Release
Batch mode:              YES
macOS version:           Version 10.15.7 (Build 19H1519)
Darwin version:          19.6.0
Architecture:            x86_64
Running under Rosetta:   NO
Available memory:        8192 MB
Using pre-set license
Pro License: NO

COMMAND LINE ARGUMENTS:
/Applications/Unity/Hub/Editor/2020.3.19f1/Unity.app/Contents/MacOS/Unity
-adb2
-batchMode
-noUpm
-name
AssetImportWorker0
-projectPath
/Users/jasmiinshi/Documents/GitHub/ALTR_Project3
-logFile
Logs/AssetImportWorker0.log
-srvPort
52566
Successfully changed project path to: /Users/jasmiinshi/Documents/GitHub/ALTR_Project3
/Users/jasmiinshi/Documents/GitHub/ALTR_Project3
Using Asset Import Pipeline V2.
Refreshing native plugins compatible for Editor in 112.61 ms, found 3 plugins.
Preloading 1 native plugins for Editor in 9.52 ms.
Initialize engine version: 2020.3.19f1 (68f137dc9bbe)
[Subsystems] Discovering subsystems at path /Applications/Unity/Hub/Editor/2020.3.19f1/Unity.app/Contents/Resources/UnitySubsystems
[Subsystems] Discovering subsystems at path /Users/jasmiinshi/Documents/GitHub/ALTR_Project3/Assets
GfxDevice: creating device client; threaded=0
2021-12-14 17:04:39.518 Unity[12787:880498] Color LCD preferred device: Intel(R) Iris(TM) Plus Graphics 650 (low power)
2021-12-14 17:04:39.518 Unity[12787:880498] Metal devices available: 1
2021-12-14 17:04:39.519 Unity[12787:880498] 0: Intel(R) Iris(TM) Plus Graphics 650 (low power)
2021-12-14 17:04:39.519 Unity[12787:880498] Using device Intel(R) Iris(TM) Plus Graphics 650 (low power)
Initializing Metal device caps: Intel(R) Iris(TM) Plus Graphics 650
Initialize mono
Mono path[0] = '/Applications/Unity/Hub/Editor/2020.3.19f1/Unity.app/Contents/Managed'
Mono path[1] = '/Applications/Unity/Hub/Editor/2020.3.19f1/Unity.app/Contents/MonoBleedingEdge/lib/mono/unityjit'
Mono config path = '/Applications/Unity/Hub/Editor/2020.3.19f1/Unity.app/Contents/MonoBleedingEdge/etc'
Using monoOptions --debugger-agent=transport=dt_socket,embedding=1,server=y,suspend=n,address=127.0.0.1:56787
Begin MonoManager ReloadAssembly
Registering precompiled unity dll's ...
Register platform support module: /Applications/Unity/Hub/Editor/2020.3.19f1/Unity.app/Contents/PlaybackEngines/MacStandaloneSupport/UnityEditor.OSXStandalone.Extensions.dll
Registered in 0.002132 seconds.
Native extension for OSXStandalone target not found
Refreshing native plugins compatible for Editor in 84.40 ms, found 3 plugins.
Preloading 1 native plugins for Editor in 0.50 ms.
Mono: successfully reloaded assembly
- Completed reload, in  4.815 seconds
Domain Reload Profiling:
	ReloadAssembly (4815ms)
		BeginReloadAssembly (52ms)
			ExecutionOrderSort (0ms)
			DisableScriptedObjects (0ms)
			BackupInstance (0ms)
			ReleaseScriptingObjects (0ms)
			CreateAndSetChildDomain (1ms)
		EndReloadAssembly (679ms)
			LoadAssemblies (53ms)
			RebuildTransferFunctionScriptingTraits (0ms)
			SetupTypeCache (247ms)
			ReleaseScriptCaches (0ms)
			RebuildScriptCaches (59ms)
			SetupLoadedEditorAssemblies (288ms)
				LogAssemblyErrors (0ms)
				InitializePlatformSupportModulesInManaged (4ms)
				SetLoadedEditorAssemblies (1ms)
				RefreshPlugins (85ms)
				BeforeProcessingInitializeOnLoad (32ms)
				ProcessInitializeOnLoadAttributes (120ms)
				ProcessInitializeOnLoadMethodAttributes (46ms)
				AfterProcessingInitializeOnLoad (0ms)
				EditorAssembliesLoaded (0ms)
			ExecutionOrderSort2 (0ms)
			AwakeInstancesAfterBackupRestoration (0ms)
Platform modules already initialized, skipping
Registering precompiled user dll's ...
Registered in 0.012569 seconds.
Begin MonoManager ReloadAssembly
Native extension for OSXStandalone target not found
Refreshing native plugins compatible for Editor in 83.52 ms, found 3 plugins.
Preloading 1 native plugins for Editor in 0.46 ms.
Mono: successfully reloaded assembly
- Completed reload, in  2.197 seconds
Domain Reload Profiling:
	ReloadAssembly (2200ms)
		BeginReloadAssembly (194ms)
			ExecutionOrderSort (0ms)
			DisableScriptedObjects (6ms)
			BackupInstance (0ms)
			ReleaseScriptingObjects (0ms)
			CreateAndSetChildDomain (40ms)
		EndReloadAssembly (1920ms)
			LoadAssemblies (161ms)
			RebuildTransferFunctionScriptingTraits (0ms)
			SetupTypeCache (733ms)
			ReleaseScriptCaches (1ms)
			RebuildScriptCaches (90ms)
			SetupLoadedEditorAssemblies (737ms)
				LogAssemblyErrors (0ms)
				InitializePlatformSupportModulesInManaged (4ms)
				SetLoadedEditorAssemblies (0ms)
				RefreshPlugins (84ms)
				BeforeProcessingInitializeOnLoad (119ms)
				ProcessInitializeOnLoadAttributes (505ms)
				ProcessInitializeOnLoadMethodAttributes (22ms)
				AfterProcessingInitializeOnLoad (2ms)
				EditorAssembliesLoaded (0ms)
			ExecutionOrderSort2 (0ms)
			AwakeInstancesAfterBackupRestoration (10ms)
Platform modules already initialized, skipping
Validating Project structure ... 0.009826 seconds.
Shader import version has changed; will reimport all shaders...
Upgrading shader files ...0.006441 seconds.
Application.AssetDatabase Initial Script Refresh Start
RefreshInfo: InitialScriptRefreshV2(NoUpdateAssetOptions) scanfilter:  ... 1 filters
RefreshProfiler: Total: 0.000ms
Application.AssetDatabase Initial Script Refresh End
Application.AssetDatabase.Refresh Start
Application.AssetDatabase.Refresh End
RefreshInfo: StopAssetImportingV2(ForceSynchronousImport) scanfilter: 
RefreshProfiler: Total: 0.000ms
Launching external process: /Applications/Unity/Hub/Editor/2020.3.19f1/Unity.app/Contents/Tools/UnityShaderCompiler
Launched and connected shader compiler UnityShaderCompiler after 0.02 seconds
Initializing Unity extensions:
========================================================================
Worker process is ready to serve import requests
Refreshing native plugins compatible for Editor in 1.01 ms, found 3 plugins.
Preloading 1 native plugins for Editor in 0.49 ms.
Unloading 3890 Unused Serialized files (Serialized files now loaded: 0)
System memory in use before: 299.5 MB.
System memory in use after: 299.3 MB.

Unloading 200 unused Assets to reduce memory usage. Loaded Objects now: 4371.
Total: 5.170286 ms (FindLiveObjects: 0.499695 ms CreateObjectMapping: 0.279192 ms MarkObjects: 4.077442 ms  DeleteObjects: 0.312989 ms)

AssetImportParameters requested are different than current active one (requested -> active):
  custom:video-decoder-ogg-theora: a1e56fd34408186e4bbccfd4996cb3dc -> 
  custom:container-muxer-webm: aa71ff27fc2769a1b78a27578f13a17b -> 
  custom:container-demuxer-webm: 4f35f7cbe854078d1ac9338744f61a02 -> 
  custom:container-demuxer-ogg: 62fdf1f143b41e24485cea50d1cbac27 -> 
  custom:video-encoder-webm-vp8: eb34c28f22e8b96e1ab97ce403110664 -> 
  custom:framework-osx-AVFoundation: b23960f63f64bdc6ff669e2cdcee2391 -> 
  custom:video-decoder-webm-vp8: 9c59270c3fd7afecdb556c50c9e8de78 -> 
  custom:audio-decoder-ogg-vorbis: bf7c407c2cedff20999df2af8eb42d56 -> 
  custom:audio-encoder-webm-vorbis: bf7c407c2cedff20999df2af8eb42d56 -> 
========================================================================
Received Import Request.
  path: Assets/Scripts/Bedroom/BirdController.cs
  artifactKey: Guid(7a4daff13b2654095bcf6f429315c131) Importer(815301076,1909f56bfc062723c751e8b465ee728b)
Start importing Assets/Scripts/Bedroom/BirdController.cs using Guid(7a4daff13b2654095bcf6f429315c131) Importer(815301076,1909f56bfc062723c751e8b465ee728b)  -> (artifact id: 'd2f18e1d9011ffd88a06a85c63c93604') in 0.529074 seconds 
  Import took 0.542208 seconds .

========================================================================
Received Import Request.
  Time since last request: 0.005071 seconds.
  path: Assets/Scripts/Bedroom
  artifactKey: Guid(57738faab4d974b54a2fc343c3d32f2f) Importer(815301076,1909f56bfc062723c751e8b465ee728b)
Start importing Assets/Scripts/Bedroom using Guid(57738faab4d974b54a2fc343c3d32f2f) Importer(815301076,1909f56bfc062723c751e8b465ee728b)  -> (artifact id: '11764a2c2083bb0dd880e19dca98806e') in 0.001666 seconds 
  Import took 0.009916 seconds .

========================================================================
Received Prepare
Registering precompiled user dll's ...
Registered in 0.010724 seconds.
Begin MonoManager ReloadAssembly
Native extension for OSXStandalone target not found
Refreshing native plugins compatible for Editor in 1.09 ms, found 3 plugins.
Preloading 1 native plugins for Editor in 0.72 ms.
Mono: successfully reloaded assembly
- Completed reload, in  2.672 seconds
Domain Reload Profiling:
	ReloadAssembly (2688ms)
		BeginReloadAssembly (504ms)
			ExecutionOrderSort (0ms)
			DisableScriptedObjects (17ms)
			BackupInstance (0ms)
			ReleaseScriptingObjects (1ms)
			CreateAndSetChildDomain (261ms)
		EndReloadAssembly (2079ms)
			LoadAssemblies (183ms)
			RebuildTransferFunctionScriptingTraits (0ms)
			SetupTypeCache (604ms)
			ReleaseScriptCaches (2ms)
			RebuildScriptCaches (110ms)
			SetupLoadedEditorAssemblies (709ms)
				LogAssemblyErrors (0ms)
				InitializePlatformSupportModulesInManaged (5ms)
				SetLoadedEditorAssemblies (1ms)
				RefreshPlugins (2ms)
				BeforeProcessingInitializeOnLoad (201ms)
				ProcessInitializeOnLoadAttributes (435ms)
				ProcessInitializeOnLoadMethodAttributes (63ms)
				AfterProcessingInitializeOnLoad (3ms)
				EditorAssembliesLoaded (0ms)
			ExecutionOrderSort2 (0ms)
			AwakeInstancesAfterBackupRestoration (38ms)
Platform modules already initialized, skipping
Switching build target platform(2) subTarget(0) extendedPlatform(0) -> platform(13) subTarget(524294) extendedPlatform(0)
Refreshing native plugins compatible for Editor in 0.95 ms, found 3 plugins.
Preloading 1 native plugins for Editor in 0.48 ms.
Unloading 3734 Unused Serialized files (Serialized files now loaded: 0)
System memory in use before: 305.0 MB.
System memory in use after: 305.2 MB.

Unloading 21 unused Assets to reduce memory usage. Loaded Objects now: 4375.
Total: 5.116365 ms (FindLiveObjects: 0.760434 ms CreateObjectMapping: 0.406561 ms MarkObjects: 3.831823 ms  DeleteObjects: 0.115357 ms)

AssetImportParameters requested are different than current active one (requested -> active):
  custom:video-decoder-ogg-theora: a1e56fd34408186e4bbccfd4996cb3dc -> 
  custom:container-muxer-webm: aa71ff27fc2769a1b78a27578f13a17b -> 
  custom:container-demuxer-webm: 4f35f7cbe854078d1ac9338744f61a02 -> 
  custom:container-demuxer-ogg: 62fdf1f143b41e24485cea50d1cbac27 -> 
  custom:video-encoder-webm-vp8: eb34c28f22e8b96e1ab97ce403110664 -> 
  custom:framework-osx-AVFoundation: b23960f63f64bdc6ff669e2cdcee2391 -> 
  custom:video-decoder-webm-vp8: 9c59270c3fd7afecdb556c50c9e8de78 -> 
  custom:graphics/normal-map-encoding: 01000000000000000000000000000000 -> 02000000000000000000000000000000
  custom:audio-decoder-ogg-vorbis: bf7c407c2cedff20999df2af8eb42d56 -> 
  custom:audio-encoder-webm-vorbis: bf7c407c2cedff20999df2af8eb42d56 -> 
========================================================================
Received Import Request.
  Time since last request: 590.445358 seconds.
  path: Assets/Scenes/XR
  artifactKey: Guid(89c0924334d924e00b8a0acb7e47055a) Importer(815301076,1909f56bfc062723c751e8b465ee728b)
Start importing Assets/Scenes/XR using Guid(89c0924334d924e00b8a0acb7e47055a) Importer(815301076,1909f56bfc062723c751e8b465ee728b)  -> (artifact id: 'db73889269bb74d4d8eb175a35593d9e') in 0.099602 seconds 
  Import took 0.169217 seconds .

========================================================================
Received Import Request.
  Time since last request: 7.726694 seconds.
  path: Assets/Scenes/XR.unity
  artifactKey: Guid(9fc0d4010bbf28b4594072e72b8655ab) Importer(815301076,1909f56bfc062723c751e8b465ee728b)
Start importing Assets/Scenes/XR.unity using Guid(9fc0d4010bbf28b4594072e72b8655ab) Importer(815301076,1909f56bfc062723c751e8b465ee728b)  -> (artifact id: '0b0854524dc2e0a606e9967b903f4923') in 0.047341 seconds 
  Import took 0.063352 seconds .

========================================================================
Received Import Request.
  Time since last request: 3.598646 seconds.
  path: Assets/Scenes/Bedroom.unity
  artifactKey: Guid(6be6ddb924ca34563ae7f545e51ba8ec) Importer(815301076,1909f56bfc062723c751e8b465ee728b)
Start importing Assets/Scenes/Bedroom.unity using Guid(6be6ddb924ca34563ae7f545e51ba8ec) Importer(815301076,1909f56bfc062723c751e8b465ee728b)  -> (artifact id: '10739d470dde47b2e7d1f9365150c631') in 0.003923 seconds 
  Import took 0.020534 seconds .

========================================================================
Received Import Request.
  Time since last request: 0.976067 seconds.
  path: Assets/Scenes/Corridor.unity
  artifactKey: Guid(595337edebdd74dc28390b86fde51b80) Importer(815301076,1909f56bfc062723c751e8b465ee728b)
Start importing Assets/Scenes/Corridor.unity using Guid(595337edebdd74dc28390b86fde51b80) Importer(815301076,1909f56bfc062723c751e8b465ee728b)  -> (artifact id: 'de7b97df64ccbe5dd6daa1758e851683') in 0.004106 seconds 
  Import took 0.018414 seconds .

========================================================================
Received Import Request.
  Time since last request: 777.676322 seconds.
  path: Assets/Scripts/EnvironmentChanges.cs
  artifactKey: Guid(1e3ecc1076b854243a9bb8b152e9e14e) Importer(815301076,1909f56bfc062723c751e8b465ee728b)
Start importing Assets/Scripts/EnvironmentChanges.cs using Guid(1e3ecc1076b854243a9bb8b152e9e14e) Importer(815301076,1909f56bfc062723c751e8b465ee728b)  -> (artifact id: '8b179a1a8ee5a1073dd82112d8d310b2') in 0.016021 seconds 
  Import took 0.067076 seconds .

========================================================================
Received Import Request.
  Time since last request: 1.196066 seconds.
  path: Assets/Scripts/FilesTriggerArea.cs
  artifactKey: Guid(881fa665a573240279ffb7eee7c02a01) Importer(815301076,1909f56bfc062723c751e8b465ee728b)
Start importing Assets/Scripts/FilesTriggerArea.cs using Guid(881fa665a573240279ffb7eee7c02a01) Importer(815301076,1909f56bfc062723c751e8b465ee728b)  -> (artifact id: 'ccabc590813b1a9f76c2c6f4debaee2b') in 0.002800 seconds 
  Import took 0.017280 seconds .

========================================================================
Received Import Request.
  Time since last request: 5.494574 seconds.
  path: Assets/Scripts/DreamTransfer.cs
  artifactKey: Guid(127f02ffb8f4944e1bc1db710ef0f71c) Importer(815301076,1909f56bfc062723c751e8b465ee728b)
Start importing Assets/Scripts/DreamTransfer.cs using Guid(127f02ffb8f4944e1bc1db710ef0f71c) Importer(815301076,1909f56bfc062723c751e8b465ee728b)  -> (artifact id: '3d29b8b29ecf5d399395af824bb4badb') in 0.003978 seconds 
  Import took 0.014719 seconds .

========================================================================
Received Import Request.
  Time since last request: 1.020527 seconds.
  path: Assets/Scripts/Corridor
  artifactKey: Guid(f03e183a2980f451285bde2d26900d17) Importer(815301076,1909f56bfc062723c751e8b465ee728b)
Start importing Assets/Scripts/Corridor using Guid(f03e183a2980f451285bde2d26900d17) Importer(815301076,1909f56bfc062723c751e8b465ee728b)  -> (artifact id: 'd7ee5ec0ebefe78d418596e37b8783cf') in 0.005097 seconds 
  Import took 0.019202 seconds .

========================================================================
Received Import Request.
  Time since last request: 5.661547 seconds.
  path: Assets/Scripts/Editor/SceneSelector.cs
  artifactKey: Guid(05f3fbf7958a84d8b8f1dabe74faed68) Importer(815301076,1909f56bfc062723c751e8b465ee728b)
Start importing Assets/Scripts/Editor/SceneSelector.cs using Guid(05f3fbf7958a84d8b8f1dabe74faed68) Importer(815301076,1909f56bfc062723c751e8b465ee728b)  -> (artifact id: '4f029484e9e6eb0c42b73e22277425e7') in 0.002248 seconds 
  Import took 0.019398 seconds .

========================================================================
Received Prepare
Registering precompiled user dll's ...
Registered in 0.007402 seconds.
Begin MonoManager ReloadAssembly
Native extension for OSXStandalone target not found
Refreshing native plugins compatible for Editor in 3.34 ms, found 3 plugins.
Preloading 1 native plugins for Editor in 1.44 ms.
Mono: successfully reloaded assembly
- Completed reload, in  2.134 seconds
Domain Reload Profiling:
	ReloadAssembly (2137ms)
		BeginReloadAssembly (287ms)
			ExecutionOrderSort (0ms)
			DisableScriptedObjects (10ms)
			BackupInstance (0ms)
			ReleaseScriptingObjects (0ms)
			CreateAndSetChildDomain (170ms)
		EndReloadAssembly (1764ms)
			LoadAssemblies (136ms)
			RebuildTransferFunctionScriptingTraits (0ms)
			SetupTypeCache (560ms)
			ReleaseScriptCaches (2ms)
			RebuildScriptCaches (77ms)
			SetupLoadedEditorAssemblies (706ms)
				LogAssemblyErrors (0ms)
				InitializePlatformSupportModulesInManaged (8ms)
				SetLoadedEditorAssemblies (1ms)
				RefreshPlugins (5ms)
				BeforeProcessingInitializeOnLoad (186ms)
				ProcessInitializeOnLoadAttributes (489ms)
				ProcessInitializeOnLoadMethodAttributes (16ms)
				AfterProcessingInitializeOnLoad (1ms)
				EditorAssembliesLoaded (0ms)
			ExecutionOrderSort2 (0ms)
			AwakeInstancesAfterBackupRestoration (17ms)
Platform modules already initialized, skipping
Switching build target platform(2) subTarget(0) extendedPlatform(0) -> platform(13) subTarget(524294) extendedPlatform(0)
Refreshing native plugins compatible for Editor in 2.14 ms, found 3 plugins.
Preloading 1 native plugins for Editor in 1.23 ms.
Unloading 3734 Unused Serialized files (Serialized files now loaded: 0)
System memory in use before: 303.4 MB.
System memory in use after: 303.6 MB.

Unloading 20 unused Assets to reduce memory usage. Loaded Objects now: 4378.
Total: 6.098516 ms (FindLiveObjects: 0.745898 ms CreateObjectMapping: 0.542675 ms MarkObjects: 4.685077 ms  DeleteObjects: 0.123171 ms)

AssetImportParameters requested are different than current active one (requested -> active):
  custom:video-decoder-ogg-theora: a1e56fd34408186e4bbccfd4996cb3dc -> 
  custom:container-muxer-webm: aa71ff27fc2769a1b78a27578f13a17b -> 
  custom:container-demuxer-webm: 4f35f7cbe854078d1ac9338744f61a02 -> 
  custom:container-demuxer-ogg: 62fdf1f143b41e24485cea50d1cbac27 -> 
  custom:video-encoder-webm-vp8: eb34c28f22e8b96e1ab97ce403110664 -> 
  custom:framework-osx-AVFoundation: b23960f63f64bdc6ff669e2cdcee2391 -> 
  custom:video-decoder-webm-vp8: 9c59270c3fd7afecdb556c50c9e8de78 -> 
  custom:graphics/normal-map-encoding: 01000000000000000000000000000000 -> 02000000000000000000000000000000
  custom:audio-decoder-ogg-vorbis: bf7c407c2cedff20999df2af8eb42d56 -> 
  custom:audio-encoder-webm-vorbis: bf7c407c2cedff20999df2af8eb42d56 -> 
